[debug] [2023-12-21T16:07:07.513Z] ----------------------------------------------------------------------
[debug] [2023-12-21T16:07:07.515Z] Command:       C:\Users\ADMINI~1\DOWNLO~1\firebase-tools-instant-win.exe C:\Users\Administrador\.cache\firebase\tools\lib\node_modules\firebase-tools\lib\bin\firebase init hosting
[debug] [2023-12-21T16:07:07.516Z] CLI Version:   13.0.2
[debug] [2023-12-21T16:07:07.516Z] Platform:      win32
[debug] [2023-12-21T16:07:07.516Z] Node Version:  v18.5.0
[debug] [2023-12-21T16:07:07.517Z] Time:          Thu Dec 21 2023 13:07:07 GMT-0300 (GMT-03:00)
[debug] [2023-12-21T16:07:07.517Z] ----------------------------------------------------------------------
[debug] 
[debug] [2023-12-21T16:07:07.526Z] > command requires scopes: ["email","openid","https://www.googleapis.com/auth/cloudplatformprojects.readonly","https://www.googleapis.com/auth/firebase","https://www.googleapis.com/auth/cloud-platform"]
[debug] [2023-12-21T16:07:07.527Z] > authorizing via signed-in user (marcelomoraes060606@gmail.com)
[info] 
     ######## #### ########  ######## ########     ###     ######  ########
     ##        ##  ##     ## ##       ##     ##  ##   ##  ##       ##
     ######    ##  ########  ######   ########  #########  ######  ######
     ##        ##  ##    ##  ##       ##     ## ##     ##       ## ##
     ##       #### ##     ## ######## ########  ##     ##  ######  ########

You're about to initialize a Firebase project in this directory:

  C:\Users\Administrador\Desktop\Nova pasta

[info] 
=== Project Setup
[info] 
[info] First, let's associate this project directory with a Firebase project.
[info] You can create multiple project aliases by running firebase use --add, 
[info] but for now we'll just set up a default project.
[info] 
[debug] [2023-12-21T16:07:29.354Z] > refreshing access token with scopes: []
[debug] [2023-12-21T16:07:29.357Z] >>> [apiv2][query] POST https://www.googleapis.com/oauth2/v3/token [none]
[debug] [2023-12-21T16:07:29.357Z] >>> [apiv2][body] POST https://www.googleapis.com/oauth2/v3/token [omitted]
[debug] [2023-12-21T16:07:29.718Z] <<< [apiv2][status] POST https://www.googleapis.com/oauth2/v3/token 200
[debug] [2023-12-21T16:07:29.718Z] <<< [apiv2][body] POST https://www.googleapis.com/oauth2/v3/token [omitted]
[debug] [2023-12-21T16:07:29.742Z] >>> [apiv2][query] GET https://firebase.googleapis.com/v1beta1/projects pageSize=100
[debug] [2023-12-21T16:07:30.624Z] <<< [apiv2][status] GET https://firebase.googleapis.com/v1beta1/projects 200
[debug] [2023-12-21T16:07:30.624Z] <<< [apiv2][body] GET https://firebase.googleapis.com/v1beta1/projects [omitted]
[info] i  Using project lojinha-da-perla-db125 (Lojinha da Perla) 
[info] 
=== Hosting Setup
[debug] [2023-12-21T16:07:32.683Z] >>> [apiv2][query] GET https://firebase.googleapis.com/v1beta1/projects/lojinha-da-perla-db125 [none]
[debug] [2023-12-21T16:07:33.187Z] <<< [apiv2][status] GET https://firebase.googleapis.com/v1beta1/projects/lojinha-da-perla-db125 200
[debug] [2023-12-21T16:07:33.187Z] <<< [apiv2][body] GET https://firebase.googleapis.com/v1beta1/projects/lojinha-da-perla-db125 {"projectId":"lojinha-da-perla-db125","projectNumber":"215129840370","displayName":"Lojinha da Perla","name":"projects/lojinha-da-perla-db125","resources":{"hostingSite":"lojinha-da-perla-db125"},"state":"ACTIVE","etag":"1_794016b9-c7e1-48d2-bb78-e7f64826caa4"}
[info] 
[info] Your public directory is the folder (relative to your project directory) that
[info] will contain Hosting assets to be uploaded with firebase deploy. If you
[info] have a build process for your assets, use your build's output directory.
[info] 
[debug] [2023-12-21T16:07:57.336Z] >>> [apiv2][query] GET https://www.gstatic.com/firebasejs/releases.json [none]
[debug] [2023-12-21T16:07:58.324Z] <<< [apiv2][status] GET https://www.gstatic.com/firebasejs/releases.json 200
[debug] [2023-12-21T16:07:58.324Z] <<< [apiv2][body] GET https://www.gstatic.com/firebasejs/releases.json {"current":{"version":"10.7.1","browserURL":"https://www.gstatic.com/firebasejs/10.7.1/firebase.js","packageURL":"https://www.gstatic.com/firebasejs/10.7.1/firebase.tgz"},"live":{"version":"10.7","browserURL":"https://www.gstatic.com/firebasejs/live/10.7/firebase.js","packageURL":"https://www.gstatic.com/firebasejs/live/10.7/firebase.tgz"},"components":{"analytics":"https://www.gstatic.com/firebasejs/10.7.1/firebase-analytics.js","app":"https://www.gstatic.com/firebasejs/10.7.1/firebase-app.js","app-check":"https://www.gstatic.com/firebasejs/10.7.1/firebase-app-check.js","auth":"https://www.gstatic.com/firebasejs/10.7.1/firebase-auth.js","auth/cordova":"https://www.gstatic.com/firebasejs/10.7.1/firebase-auth/cordova.js","functions":"https://www.gstatic.com/firebasejs/10.7.1/firebase-functions.js","firestore":"https://www.gstatic.com/firebasejs/10.7.1/firebase-firestore.js","firestore/lite":"https://www.gstatic.com/firebasejs/10.7.1/firebase-firestore/lite.js","installations":"https://www.gstatic.com/firebasejs/10.7.1/firebase-installations.js","storage":"https://www.gstatic.com/firebasejs/10.7.1/firebase-storage.js","performance":"https://www.gstatic.com/firebasejs/10.7.1/firebase-performance.js","remote-config":"https://www.gstatic.com/firebasejs/10.7.1/firebase-remote-config.js","messaging":"https://www.gstatic.com/firebasejs/10.7.1/firebase-messaging.js","messaging/sw":"https://www.gstatic.com/firebasejs/10.7.1/firebase-messaging/sw.js","database":"https://www.gstatic.com/firebasejs/10.7.1/firebase-database.js","firestore.memory":"https://www.gstatic.com/firebasejs/10.7.1/firebase-firestore.memory.js"}}
[info] i  Skipping write of public/index.html 
[info] 
[info] i  Didn't detect a .git folder. Assuming C:\Users\Administrador\Desktop\Nova pasta is the project root. 
[info] i  Authorizing with GitHub to upload your service account to a GitHub repository's secrets store. 
[info] 
[info] Visit this URL on this device to log in:
[info] https://github.com/login/oauth/authorize?client_id=89cf50f02ac6aaed3484&state=1047564307&redirect_uri=http%3A%2F%2Flocalhost%3A9005&scope=read%3Auser%20repo%20public_repo
[info] 
[info] Waiting for authentication...
[debug] [2023-12-21T16:08:32.354Z] >>> [apiv2][query] POST https://github.com/login/oauth/access_token [none]
[debug] [2023-12-21T16:08:32.354Z] >>> [apiv2][body] POST https://github.com/login/oauth/access_token [stream]
[debug] [2023-12-21T16:08:32.744Z] <<< [apiv2][status] POST https://github.com/login/oauth/access_token 200
[debug] [2023-12-21T16:08:32.744Z] <<< [apiv2][body] POST https://github.com/login/oauth/access_token {"access_token":"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","token_type":"bearer","scope":"read:user,repo"}
[debug] [2023-12-21T16:08:32.751Z] >>> [apiv2][query] GET https://api.github.com/user [none]
[debug] [2023-12-21T16:08:33.244Z] <<< [apiv2][status] GET https://api.github.com/user 200
[debug] [2023-12-21T16:08:33.244Z] <<< [apiv2][body] GET https://api.github.com/user {"login":"Jstnt","id":133825994,"node_id":"U_kgDOB_oFyg","avatar_url":"https://avatars.githubusercontent.com/u/133825994?v=4","gravatar_id":"","url":"https://api.github.com/users/Jstnt","html_url":"https://github.com/Jstnt","followers_url":"https://api.github.com/users/Jstnt/followers","following_url":"https://api.github.com/users/Jstnt/following{/other_user}","gists_url":"https://api.github.com/users/Jstnt/gists{/gist_id}","starred_url":"https://api.github.com/users/Jstnt/starred{/owner}{/repo}","subscriptions_url":"https://api.github.com/users/Jstnt/subscriptions","organizations_url":"https://api.github.com/users/Jstnt/orgs","repos_url":"https://api.github.com/users/Jstnt/repos","events_url":"https://api.github.com/users/Jstnt/events{/privacy}","received_events_url":"https://api.github.com/users/Jstnt/received_events","type":"User","site_admin":false,"name":"Marcelo Moraes da Silva","company":null,"blog":"","location":"Garanhuns, PE, Brazil.","email":null,"hireable":null,"bio":"Estou aprendendo a programar","twitter_username":"jstnt06","public_repos":2,"public_gists":0,"followers":0,"following":2,"created_at":"2023-05-17T00:01:57Z","updated_at":"2023-12-09T20:29:50Z","private_gists":0,"total_private_repos":0,"owned_private_repos":0,"disk_usage":76,"collaborators":0,"two_factor_authentication":true,"plan":{"name":"free","space":976562499,"collaborators":0,"private_repos":10000}}
[info] 
[info] +  Success! Logged into GitHub as Jstnt 
[info] 
